<?xml version="1.0" encoding="UTF-8"?>
<!-- Generated by org.testng.reporters.JUnitReportReporter -->
<testsuite hostname="Dip" name="StepDefinitions.TestRunner" tests="1" failures="0" timestamp="17 Aug 2018 16:34:35 GMT" time="133.691" errors="0">
  <testcase name="feature" time="133.691" classname="StepDefinitions.TestRunner"/>
</testsuite> <!-- StepDefinitions.TestRunner -->
